<?xml version="1.0" encoding="UTF-8"?>
<!-- Generated by org.testng.reporters.JUnitXMLReporter -->
<testsuite hostname="chihongyuan0001" name="gxyjTest" tests="3" failures="2" timestamp="19 Jun 2018 02:46:05 GMT" time="40.917" errors="0">
  <testcase name="index" time="16.995" classname="com.gxyj.web.Web01">
    <failure type="java.lang.AssertionError" message="expected [0] but found [1]">
      <![CDATA[java.lang.AssertionError: expected [0] but found [1]
	at com.gxyj.util.CheckPoint.result(CheckPoint.java:54)
	at com.gxyj.web.Web01.index(Web01.java:18)
... Removed 28 stack frames]]>
    </failure>
  </testcase> <!-- index -->
  <testcase name="index" time="11.269" classname="com.gxyj.web.Web01">
    <failure type="java.lang.AssertionError" message="expected [0] but found [1]">
      <![CDATA[java.lang.AssertionError: expected [0] but found [1]
	at com.gxyj.util.CheckPoint.result(CheckPoint.java:54)
	at com.gxyj.web.Web01.index(Web01.java:18)
... Removed 28 stack frames]]>
    </failure>
  </testcase> <!-- index -->
  <testcase name="register" time="5.056" classname="com.gxyj.web.Web02"/>
</testsuite> <!-- gxyjTest -->
